#
# There is insufficient memory for the Java Runtime Environment to continue.
# Native memory allocation (mmap) failed to map 132120576 bytes. Error detail: G1 virtual space
# Possible reasons:
#   The system is out of physical RAM or swap space
#   This process is running with CompressedOops enabled, and the Java Heap may be blocking the growth of the native heap
# Possible solutions:
#   Reduce memory load on the system
#   Increase physical memory or swap space
#   Check if swap backing store is full
#   Decrease Java heap size (-Xmx/-Xms)
#   Decrease number of Java threads
#   Decrease Java thread stack sizes (-Xss)
#   Set larger code cache with -XX:ReservedCodeCacheSize=
#   JVM is running with Unscaled Compressed Oops mode in which the Java heap is
#     placed in the first 4GB address space. The Java Heap base address is the
#     maximum limit for the native heap growth. Please use -XX:HeapBaseMinAddress
#     to set the Java Heap base and to place the Java Heap above 4GB virtual address.
# This output file may be truncated or incomplete.
#
#  Out of Memory Error (os_windows.cpp:3828), pid=1348, tid=9388
#
# JRE version:  (21.0.5) (build )
# Java VM: OpenJDK 64-Bit Server VM (21.0.5+-13047016-b750.29, mixed mode, sharing, tiered, compressed oops, compressed class ptrs, g1 gc, windows-amd64)
# No core dump will be written. Minidumps are not enabled by default on client versions of Windows
#

---------------  S U M M A R Y ------------

Command Line: -Djava.awt.headless=true -Djava.library.path=D:\homework\android\jbr\bin;C:\WINDOWS\Sun\Java\bin;C:\WINDOWS\system32;C:\WINDOWS;C:\Windows\system32;C:\Windows;C:\Windows\System32\Wbem;C:\Windows\System32\WindowsPowerShell\v1.0\;C:\Windows\System32\OpenSSH\;C:\Program Files (x86)\NVIDIA Corporation\PhysX\Common;C:\WINDOWS\system32;C:\WINDOWS;C:\WINDOWS\System32\Wbem;C:\WINDOWS\System32\WindowsPowerShell\v1.0\;C:\WINDOWS\System32\OpenSSH\;D:\learning\Database\MySQL\install\bin;D:\learning\JavaSupport\tomcat\apache-tomcat-9.0.95\bin;D:\learning\JavaSupport\jdk\jdk17\bin;D:\learning\Other\jmeter\apache-jmeter-5.6.3\bin;D:\learning\Other\git\Git\cmd;D:\learning\Other\wx dev\dll;C:\Program Files\NVIDIA Corporation\NVIDIA NvDLISR;D:\learning\JavaSupport\maven\apache-maven-3.9.9\bin;%SUBLIME%;D:\tools\rational rose\common;D:\learning\Other\vs\workspace\opencv\build\x64\vc16\bin;C:\Users\Master\AppData\Local\Android\Sdk\platform-tools;C:\Users\Master\AppData\Local\Microsoft\WindowsApps;D:\learning\JavaSupport\idea\IntelliJ IDEA 2024.2.3\bin;;D:\learning\PythonSupport\pycharm\PyCharm 2021.1.1\bin;;D:\tools\cpolar\;D:\learning\Other\vscode\Microsoft VS Code\bin;.;D:\homework\android-projects\5\app\src\testDebug\jniLibs;D:\homework\android-projects\5\app\src\test\jniLibs -Dorg.gradle.internal.worker.tmpdir=D:\homework\android-projects\5\app\build\tmp\testDebugUnitTest\work --add-opens=java.base/java.io=ALL-UNNAMED -Xmx512m -Dfile.encoding=UTF-8 -Duser.country=CN -Duser.language=zh -Duser.variant -ea worker.org.gradle.process.internal.worker.GradleWorkerMain 'Gradle Test Executor 3'

Host: Intel(R) Core(TM) i7-8565U CPU @ 1.80GHz, 8 cores, 7G,  Windows 10 , 64 bit Build 19041 (10.0.19041.5438)
Time: Tue May 13 23:37:26 2025  Windows 10 , 64 bit Build 19041 (10.0.19041.5438) elapsed time: 0.031251 seconds (0d 0h 0m 0s)

---------------  T H R E A D  ---------------

Current thread (0x00000200b7c00320):  JavaThread "Unknown thread" [_thread_in_vm, id=9388, stack(0x0000008e6ea00000,0x0000008e6eb00000) (1024K)]

Stack: [0x0000008e6ea00000,0x0000008e6eb00000]
Native frames: (J=compiled Java code, j=interpreted, Vv=VM code, C=native code)
V  [jvm.dll+0x6cfb29]
V  [jvm.dll+0x85df93]
V  [jvm.dll+0x8604ee]
V  [jvm.dll+0x860bd3]
V  [jvm.dll+0x27e6b6]
V  [jvm.dll+0x6cc385]
V  [jvm.dll+0x6c078a]
V  [jvm.dll+0x35525b]
V  [jvm.dll+0x35ceb6]
V  [jvm.dll+0x3aedd6]
V  [jvm.dll+0x3af0a8]
V  [jvm.dll+0x32792c]
V  [jvm.dll+0x32861b]
V  [jvm.dll+0x8259d9]
V  [jvm.dll+0x3bbfa8]
V  [jvm.dll+0x80ec88]
V  [jvm.dll+0x45015e]
V  [jvm.dll+0x4518c1]
C  [jli.dll+0x52ab]
C  [ucrtbase.dll+0x21bb2]
C  [KERNEL32.DLL+0x17374]
C  [ntdll.dll+0x4cc91]


---------------  P R O C E S S  ---------------

Threads class SMR info:
_java_thread_list=0x00007ffa67f70808, length=0, elements={
}

Java Threads: ( => current thread )
Total: 0

Other Threads:
  0x00000200b7bcc150 WorkerThread "GC Thread#0"                     [id=10940, stack(0x0000008e6eb00000,0x0000008e6ec00000) (1024K)]
  0x00000200b9e6dd50 ConcurrentGCThread "G1 Main Marker"            [id=4648, stack(0x0000008e6ec00000,0x0000008e6ed00000) (1024K)]
  0x00000200b7bcd710 WorkerThread "G1 Conc#0"                       [id=10092, stack(0x0000008e6ed00000,0x0000008e6ee00000) (1024K)]

[error occurred during error reporting (printing all threads), id 0xc0000005, EXCEPTION_ACCESS_VIOLATION (0xc0000005) at pc=0x00007ffa6776a967]
VM state: not at safepoint (not fully initialized)

VM Mutex/Monitor currently owned by a thread:  ([mutex/lock_event])
[0x00007ffa67fdd460] Heap_lock - owner thread: 0x00000200b7c00320

Heap address: 0x00000000e0000000, size: 512 MB, Compressed Oops mode: 32-bit

CDS archive(s) mapped at: [0x0000000000000000-0x0000000000000000-0x0000000000000000), size 0, SharedBaseAddress: 0x0000000800000000, ArchiveRelocationMode: 1.
Narrow klass base: 0x0000000000000000, Narrow klass shift: 0, Narrow klass range: 0x0

GC Precious Log:
 CardTable entry size: 512
 Card Set container configuration: InlinePtr #cards 5 size 8 Array Of Cards #cards 12 size 40 Howl #buckets 4 coarsen threshold 1843 Howl Bitmap #cards 512 size 80 coarsen threshold 460 Card regions per heap region 1 cards per card region 2048

Heap:
 garbage-first heap   total 0K, used 0K [0x00000000e0000000, 0x0000000100000000)
  region size 1024K, 0 young (0K), 0 survivors (0K)
 Metaspace       used 0K, committed 0K, reserved 0K
  class space    used 0K, committed 0K, reserved 0K

Heap Regions: E=young(eden), S=young(survivor), O=old, HS=humongous(starts), HC=humongous(continues), CS=collection set, F=free, TAMS=top-at-mark-start, PB=parsable bottom

Card table byte_map: [0x00000200cc3b0000,0x00000200cc4b0000] _byte_map_base: 0x00000200cbcb0000

Marking Bits: (CMBitMap*) 0x00000200b9e69300
 Bits: [0x00000200cc4b0000, 0x00000200cccb0000)

GC Heap History (0 events):
No events

Dll operation events (1 events):
Event: 0.022 Loaded shared library D:\homework\android\jbr\bin\java.dll

Deoptimization events (0 events):
No events

Classes loaded (0 events):
No events

Classes unloaded (0 events):
No events

Classes redefined (0 events):
No events

Internal exceptions (0 events):
No events

ZGC Phase Switch (0 events):
No events

VM Operations (0 events):
No events

Memory protections (0 events):
No events

Nmethod flushes (0 events):
No events

Events (0 events):
No events


Dynamic libraries:
0x00007ff6839c0000 - 0x00007ff6839ca000 	D:\homework\android\jbr\bin\java.exe
0x00007ffaedf10000 - 0x00007ffaee108000 	C:\WINDOWS\SYSTEM32\ntdll.dll
0x00007ffaec0c0000 - 0x00007ffaec182000 	C:\WINDOWS\System32\KERNEL32.DLL
0x00007ffaebba0000 - 0x00007ffaebe9f000 	C:\WINDOWS\System32\KERNELBASE.dll
0x00007ffaeb5b0000 - 0x00007ffaeb6b0000 	C:\WINDOWS\System32\ucrtbase.dll
0x00007ffadd570000 - 0x00007ffadd58b000 	D:\homework\android\jbr\bin\VCRUNTIME140.dll
0x00007ffae4d80000 - 0x00007ffae4d98000 	D:\homework\android\jbr\bin\jli.dll
0x00007ffaecbd0000 - 0x00007ffaecd6d000 	C:\WINDOWS\System32\USER32.dll
0x00007ffaeb9a0000 - 0x00007ffaeb9c2000 	C:\WINDOWS\System32\win32u.dll
0x00007ffaed500000 - 0x00007ffaed52b000 	C:\WINDOWS\System32\GDI32.dll
0x00007ffaeb9d0000 - 0x00007ffaebaea000 	C:\WINDOWS\System32\gdi32full.dll
0x00007ffad4be0000 - 0x00007ffad4e7a000 	C:\WINDOWS\WinSxS\amd64_microsoft.windows.common-controls_6595b64144ccf1df_6.0.19041.4355_none_60b8b9eb71f62e16\COMCTL32.dll
0x00007ffaecb30000 - 0x00007ffaecbce000 	C:\WINDOWS\System32\msvcrt.dll
0x00007ffaeb750000 - 0x00007ffaeb7ed000 	C:\WINDOWS\System32\msvcp_win.dll
0x00007ffaed270000 - 0x00007ffaed29f000 	C:\WINDOWS\System32\IMM32.DLL
0x00007ffae4860000 - 0x00007ffae486c000 	D:\homework\android\jbr\bin\vcruntime140_1.dll
0x00007ffac0930000 - 0x00007ffac09bd000 	D:\homework\android\jbr\bin\msvcp140.dll
0x00007ffa67430000 - 0x00007ffa680ba000 	D:\homework\android\jbr\bin\server\jvm.dll
0x00007ffaece50000 - 0x00007ffaeceff000 	C:\WINDOWS\System32\ADVAPI32.dll
0x00007ffaed6c0000 - 0x00007ffaed75f000 	C:\WINDOWS\System32\sechost.dll
0x00007ffaed590000 - 0x00007ffaed6b3000 	C:\WINDOWS\System32\RPCRT4.dll
0x00007ffaeb720000 - 0x00007ffaeb747000 	C:\WINDOWS\System32\bcrypt.dll
0x00007ffaeca20000 - 0x00007ffaeca8b000 	C:\WINDOWS\System32\WS2_32.dll
0x00007ffaeab40000 - 0x00007ffaeab8b000 	C:\WINDOWS\SYSTEM32\POWRPROF.dll
0x00007ffad91e0000 - 0x00007ffad9207000 	C:\WINDOWS\SYSTEM32\WINMM.dll
0x00007ffae18c0000 - 0x00007ffae18ca000 	C:\WINDOWS\SYSTEM32\VERSION.dll
0x00007ffaea9b0000 - 0x00007ffaea9c2000 	C:\WINDOWS\SYSTEM32\UMPDC.dll
0x00007ffae9dd0000 - 0x00007ffae9de2000 	C:\WINDOWS\SYSTEM32\kernel.appcore.dll
0x00007ffad47f0000 - 0x00007ffad47fa000 	D:\homework\android\jbr\bin\jimage.dll
0x00007ffae8a30000 - 0x00007ffae8c14000 	C:\WINDOWS\SYSTEM32\DBGHELP.DLL
0x00007ffad17c0000 - 0x00007ffad17f4000 	C:\WINDOWS\SYSTEM32\dbgcore.DLL
0x00007ffaebea0000 - 0x00007ffaebf22000 	C:\WINDOWS\System32\bcryptPrimitives.dll
0x00007ffad47d0000 - 0x00007ffad47f0000 	D:\homework\android\jbr\bin\java.dll

dbghelp: loaded successfully - version: 4.0.5 - missing functions: none
symbol engine: initialized successfully - sym options: 0x614 - pdb path: .;D:\homework\android\jbr\bin;C:\WINDOWS\SYSTEM32;C:\WINDOWS\WinSxS\amd64_microsoft.windows.common-controls_6595b64144ccf1df_6.0.19041.4355_none_60b8b9eb71f62e16;D:\homework\android\jbr\bin\server

VM Arguments:
jvm_args: -Djava.awt.headless=true -Djava.library.path=D:\homework\android\jbr\bin;C:\WINDOWS\Sun\Java\bin;C:\WINDOWS\system32;C:\WINDOWS;C:\Windows\system32;C:\Windows;C:\Windows\System32\Wbem;C:\Windows\System32\WindowsPowerShell\v1.0\;C:\Windows\System32\OpenSSH\;C:\Program Files (x86)\NVIDIA Corporation\PhysX\Common;C:\WINDOWS\system32;C:\WINDOWS;C:\WINDOWS\System32\Wbem;C:\WINDOWS\System32\WindowsPowerShell\v1.0\;C:\WINDOWS\System32\OpenSSH\;D:\learning\Database\MySQL\install\bin;D:\learning\JavaSupport\tomcat\apache-tomcat-9.0.95\bin;D:\learning\JavaSupport\jdk\jdk17\bin;D:\learning\Other\jmeter\apache-jmeter-5.6.3\bin;D:\learning\Other\git\Git\cmd;D:\learning\Other\wx dev\dll;C:\Program Files\NVIDIA Corporation\NVIDIA NvDLISR;D:\learning\JavaSupport\maven\apache-maven-3.9.9\bin;%SUBLIME%;D:\tools\rational rose\common;D:\learning\Other\vs\workspace\opencv\build\x64\vc16\bin;C:\Users\Master\AppData\Local\Android\Sdk\platform-tools;C:\Users\Master\AppData\Local\Microsoft\WindowsApps;D:\learning\JavaSupport\idea\IntelliJ IDEA 2024.2.3\bin;;D:\learning\PythonSupport\pycharm\PyCharm 2021.1.1\bin;;D:\tools\cpolar\;D:\learning\Other\vscode\Microsoft VS Code\bin;.;D:\homework\android-projects\5\app\src\testDebug\jniLibs;D:\homework\android-projects\5\app\src\test\jniLibs -Dorg.gradle.internal.worker.tmpdir=D:\homework\android-projects\5\app\build\tmp\testDebugUnitTest\work --add-opens=java.base/java.io=ALL-UNNAMED -Xmx512m -Dfile.encoding=UTF-8 -Duser.country=CN -Duser.language=zh -Duser.variant -ea 
java_command: worker.org.gradle.process.internal.worker.GradleWorkerMain 'Gradle Test Executor 3'
java_class_path (initial): C:\\Users\\Master\\.gradle\\caches\\8.11.1\\workerMain\\gradle-worker.jar;D:\\homework\\android-projects\\5\\app\\build\\tmp\\kotlin-classes\\debugUnitTest;D:\\homework\\android-projects\\5\\app\\build\\intermediates\\java_res\\debugUnitTest\\processDebugUnitTestJavaRes\\out;D:\\homework\\android-projects\\5\\app\\build\\intermediates\\runtime_app_classes_jar\\debug\\bundleDebugClassesToRuntimeJar\\classes.jar;C:\\Users\\Master\\.gradle\\caches\\modules-2\\files-2.1\\junit\\junit\\4.13.2\\8ac9e16d933b6fb43bc7f576336b8f4d7eb5ba12\\junit-4.13.2.jar;C:\\Users\\Master\\.gradle\\caches\\8.11.1\\transforms\\f806626b543c487a104be97e12ca4620\\transformed\\viewbinding-8.9.2-runtime.jar;C:\\Users\\Master\\.gradle\\caches\\8.11.1\\transforms\\6bae4aba5267070fcea0efd2e617ae3e\\transformed\\material-1.11.0-runtime.jar;C:\\Users\\Master\\.gradle\\caches\\8.11.1\\transforms\\fb480138e2c6966dd2eb4837f959d363\\transformed\\constraintlayout-2.1.4-runtime.jar;C:\\Users\\Master\\.gradle\\caches\\8.11.1\\transforms\\44d567fb451ff6c95d5bb53c529c04f0\\transformed\\appcompat-resources-1.6.1-runtime.jar;C:\\Users\\Master\\.gradle\\caches\\8.11.1\\transforms\\065e48117d75f63b83be6c30ee5e873e\\transformed\\appcompat-1.6.1-runtime.jar;C:\\Users\\Master\\.gradle\\caches\\8.11.1\\transforms\\1b0b3189eac2d84e27194969694ee27c\\transformed\\material3-release-runtime.jar;C:\\Users\\Master\\.gradle\\caches\\8.11.1\\transforms\\fb274d56e77a7aa84c03e7f397bd27af\\transformed\\material-release-runtime.jar;C:\\Users\\Master\\.gradle\\caches\\8.11.1\\transforms\\aac900ace530f8fd746800510f39c8ab\\transformed\\material-ripple-release-runtime.jar;C:\\Users\\Master\\.gradle\\caches\\8.11.1\\transforms\\324bca6c190481b5998e48364899c0d0\\transformed\\foundation-release-runtime.jar;C:\\Users\\Master\\.gradle\\caches\\8.11.1\\transforms\\c22014928357a68c7460dc5f96b3da1c\\transformed\\animation-release-runtime.jar;C:\\Users\\Master\\.gradle\\caches\\8.11.1\\transforms\\5edf883423e6f02a9245130b59739b6c\\transformed\\foundation-layout-release-runtime.jar;C:\\Users\\Master\\.gradle\\caches\\8.11.1\\transforms\\af190679d460e24fdc31b0d5248fc88d\\transformed\\animation-core-release-runtime.jar;C:\\Users\\Master\\.gradle\\caches\\8.11.1\\transforms\\39f17ce0feae20714bb46fcfe9d9cb12\\transformed\\ui-tooling-data-release-runtime.jar;C:\\Users\\Master\\.gradle\\caches\\8.11.1\\transforms\\29031be6c43caec75ad35da625356079\\transformed\\ui-unit-release-runtime.jar;C:\\Users\\Master\\.gradle\\caches\\8.11.1\\transforms\\7a75488d8f4c78df83f548779f1f215f\\transformed\\ui-geometry-release-runtime.jar;C:\\Users\\Master\\.gradle\\caches\\8.11.1\\transforms\\0d11689563cd2341e336d55d3d89af64\\transformed\\ui-util-release-runtime.jar;C:\\Users\\Master\\.gradle\\caches\\8.11.1\\transforms\\9829663d91f1b6b5bf3064d03f0d0042\\transformed\\ui-text-release-runtime.jar;C:\\Users\\Master\\.gradle\\caches\\8.11.1\\transforms\\760ba1202ee642d66a88921787473ae6\\transformed\\ui-tooling-preview-release-runtime.jar;C:\\Users\\Master\\.gradle\\caches\\8.11.1\\transforms\\f6c92b45b7393a9f3300d8669cb4a38a\\transformed\\ui-tooling-release-runtime.jar;C:\\Users\\Master\\.gradle\\caches\\8.11.1\\transforms\\b7ee77b0648e588bd9a9f994dfb434cf\\transformed\\ui-graphics-release-runtime.jar;C:\\Users\\Master\\.gradle\\caches\\8.11.1\\transforms\\75755569ebcb43584348b2f8a19705c0\\transformed\\material-icons-core-release-runtime.jar;C:\\Users\\Master\\.gradle\\caches\\8.11.1\\transforms\\0a658d59901899f598cd9b282d417c53\\transformed\\ui-release-runtime.jar;C:\\Users\\Master\\.gradle\\caches\\8.11.1\\transforms\\5297f078ca7d7556129af44e3dd27e8a\\transformed\\ui-test-manifest-1.7.0-runtime.jar;C:\\Users\\Master\\.gradle\\caches\\8.11.1\\transforms\\33ff557868134cb5dd4f3f34abb465e8\\transformed\\viewpager2-1.0.0-runtime.jar;C:\\Users\\Master\\.gradle\\caches\\8.11.1\\transforms\\af018ef45291947a64c22770a040be86\\transformed\\fragment-1.3.6-runtime.jar;C:\\Users\\Master\\.gradle\\caches\\8.11.1\\transforms\\444f52849555f987f88b204c3facd9f5\\transformed\\activity-1.10.1-runtime.jar;C:\\Users\\Master\\.gradle\\caches\\8.11.1\\transforms\\25f594f7131957a2c5690a6d7d2ae6b7\\transformed\\activity-ktx-1.10.1-runtime.jar;C:\\Users\\Master\\.gradle\\caches\\8.11.1\\transforms\\21e1656b4136435dacf5105f32ce289d\\transformed\\activity-compose-1.10.1-runtime.jar;C:\\Users\\Master\\.gradle\\caches\\8.11.1\\transforms\\f8332c7955ddad495abbda6d79f26ccb\\transformed\\drawerlayout-1.1.1-runtime.jar;C:\\Users\\Master\\.gradle\\caches\\8.11.1\\transforms\\9b9ef0140b8bac1255a9187c8067c506\\transformed\\coordinatorlayout-1.1.0-runtime.jar;C:\\Users\\Master\\.gradle\\caches\\8.11.1\\transforms\\4209a40f11fe0c501ab3ac252ae0e2a4\\transformed\\dynamicanimation-1.0.0-runtime.jar;C:\\Users\\Master\\.gradle\\caches\\8.11.1\\transforms\\1727f2d024156bddda64f0c84ad733b6\\transformed\\transition-1.2.0-runtime.jar;C:\\Users\\Master\\.gradle\\caches\\8.11.1\\transforms\\3ab42e24d86b90aded22dfa620fa4a1a\\transformed\\vectordrawable-animated-1.1.0-runtime.jar;C:\\Users\\Master\\.gradle\\caches\\8.11.1\\transforms\\f66ec2b4044eefae2b8fc67e220ab699\\transformed\\vectordrawable-1.1.0-runtime.jar;C:\\Users\\Master\\.gradle\\caches\\8.11.1\\transforms\\02f923e5f09d5cc67e258c139ab969ca\\transformed\\exoplayer-2.19.1-runtime.jar;C:\\Users\\Master\\.gradle\\caches\\8.11.1\\transforms\\744cf9907f0fe172aa77579852a21189\\transformed\\exoplayer-dash-2.19.1-runtime.jar;C:\\Users\\Master\\.gradle\\caches\\8.11.1\\transforms\\daf78cfe0045ef3bfc116d3c281a2e3d\\transformed\\exoplayer-hls-2.19.1-runtime.jar;C:\\Users\\Master\\.gradle\\caches\\8.11.1\\transforms\\abfa6429feeb75f43692273b75ff9bc1\\transformed\\exoplayer-rtsp-2.19.1-runtime.jar;C:\\Users\\Master\\.gradle\\caches\\8.11.1\\transforms\\66f54fbd70675cb8e17914e3e1dc1a30\\transformed\\exoplayer-smoothstreaming-2.19.1-runtime.jar;C:\\Users\\Master\\.gradle\\caches\\8.11.1\\transforms\\5db108d31e94a4696ee9ce8c0b8e7670\\transformed\\exoplayer-core-2.19.1-runtime.jar;C:\\Users\\Master\\.gradle\\caches\\8.11.1\\transforms\\1c06f66b3352d11efe821b8c161e6653\\transformed\\exoplayer-ui-2.19.1-runtime.jar;C:\\Users\\Master\\.gradle\\caches\\8.11.1\\transforms\\b27b7bf0f71426785a48e38f6e7e2dc6\\transformed\\recyclerview-1.3.0-runtime.jar;C:\\Users\\Master\\.gradle\\caches\\8.11.1\\transforms\\c60fc2ae64947a7234ce9c4be409f372\\transformed\\media-1.6.0-runtime.jar;C:\\Users\\Master\\.gradle\\caches\\8.11.1\\transforms\\811d1a93b628ea3f98f0908eb83119b6\\transformed\\viewpager-1.0.0-runtime.jar;C:\\Users\\Master\\.gradle\\caches\\8.11.1\\transforms\\9b76b7aaa7f3d2343f4b54ef5fdcab77\\transformed\\legacy-support-core-utils-1.0.0-runtime.jar;C:\\Users\\Master\\.gradle\\caches\\8.11.1\\transforms\\6dfb51bb2d6470164ff95183bb5139ff\\transformed\\loader-1.0.0-runtime.jar;C:\\Users\\Master\\.gradle\\caches\\8.11.1\\transforms\\419a37f8a3fc0f7b1e62ed6b044bb359\\transformed\\customview-1.1.0-runtime.jar;C:\\Users\\Master\\.gradle\\caches\\8.11.1\\transforms\\a8168da63b8f1491b414267bd40f6dff\\transformed\\autofill-1.0.0-runtime.jar;C:\\Users\\Master\\.gradle\\caches\\8.11.1\\transforms\\7c1ecdaa7922557c3b99ede135b1d89a\\transformed\\graphics-path-1.0.1-runtime.jar;C:\\Users\\Master\\.gradle\\caches\\8.11.1\\transforms\\bfce228f0e5b6d7bf18aeb051862d79a\\transformed\\emoji2-views-helper-1.3.0-runtime.jar;C:\\Users\\Master\\.gradle\\caches\\8.11.1\\transforms\\059bb11a821f3a4482feb96f200d3772\\transformed\\emoji2-1.3.0-runtime.jar;C:\\Users\\Master\\.gradle\\caches\\8.11.1\\transforms\\070c208690bbaf3d8512096bb53ffb54\\transformed\\core-1.16.0-runtime.jar;C:\\Users\\Master\\.gradle\\caches\\8.11.1\\transforms\\2bd9f0e84c8925c4ecd0ac1886ddd227\\transformed\\savedstate-ktx-1.2.1-runtime.jar;C:\\Users\\Master\\.gradle\\caches\\8.11.1\\transforms\\f6d3bf2cbc77c424441492e4223c0d4e\\transformed\\savedstate-1.2.1-runtime.jar;C:\\Users\\Master\\.gradle\\caches\\8.11.1\\transforms\\102d80363ab3d59ccbdea051bc3738ae\\transformed\\lifecycle-process-2.8.7-runtime.jar;C:\\Users\\Master\\.gradle\\caches\\8.11.1\\transforms\\bc58ea2501dacdd52fdaeb62c5dad65f\\transformed\\lifecycle-livedata-core-ktx-2.8.7-runtime.jar;C:\\Users\\Master\\.gradle\\caches\\8.11.1\\transforms\\eba291b1341b6e234ff35454ac970fd2\\transformed\\lifecycle-runtime-compose-release-runtime.jar;C:\\Users\\Master\\.gradle\\caches\\8.11.1\\transforms\\36a2eefd82d9dcd5eaea0b0f09291882\\transformed\\lifecycle-livedata-2.8.7-runtime.jar;C:\\Users\\Master\\.gradle\\caches\\modules-2\\files-2.1\\androidx.lifecycle\\lifecycle-common-java8\\2.8.7\\2ad14aed781c4a73ed4dbb421966d408a0a06686\\lifecycle-common-java8-2.8.7.jar;C:\\Users\\Master\\.gradle\\caches\\8.11.1\\transforms\\a30900c6359e959f9ad421a337f9277e\\transformed\\lifecycle-viewmodel-2.8.7-runtime.jar;C:\\Users\\Master\\.gradle\\caches\\8.11.1\\transforms\\8014059f3369b5d511c38ff7addbd67b\\transformed\\lifecycle-viewmodel-release-runtime.jar;C:\\Users\\Master\\.gradle\\caches\\modules-2\\files-2.1\\androidx.lifecycle\\lifecycle-common-jvm\\2.8.7\\7174a594afb73a9ad9ac9074ce78b94af3cc52a7\\lifecycle-common-jvm-2.8.7.jar;C:\\Users\\Master\\.gradle\\caches\\8.11.1\\transforms\\8da98694a14d986eb1855fbc44676a92\\transformed\\lifecycle-runtime-release-runtime.jar;C:\\Users\\Master\\.gradle\\caches\\8.11.1\\transforms\\f4b2271f74b5e7b90bf255472bbaeaa9\\transformed\\lifecycle-livedata-core-2.8.7-runtime.jar;C:\\Users\\Master\\.gradle\\caches\\8.11.1\\transforms\\d885c2108e6b8cd7c7f7d1cd229458b0\\transformed\\lifecycle-viewmodel-ktx-2.8.7-runtime.jar;C:\\Users\\Master\\.gradle\\caches\\8.11.1\\transforms\\7e95ffe7de8580e0fd99114ccc247d69\\transformed\\lifecycle-runtime-ktx-release-runtime.jar;C:\\Users\\Master\\.gradle\\caches\\8.11.1\\transforms\\8f7e138acde25650809ef42f429c4504\\transformed\\lifecycle-viewmodel-savedstate-2.8.7-runtime.jar;C:\\Users\\Master\\.gradle\\caches\\8.11.1\\transforms\\ac1fcb420882a8b0a5cfd686b6a3b5d4\\transformed\\customview-poolingcontainer-1.0.0-runtime.jar;C:\\Users\\Master\\.gradle\\caches\\8.11.1\\transforms\\7847730db4fcf048e7cd29e67f7dc1ec\\transformed\\core-ktx-1.16.0-runtime.jar;C:\\Users\\Master\\.gradle\\caches\\modules-2\\files-2.1\\com.squareup.okhttp3\\okhttp\\4.10.0\\cd63657ac15770ed1420647154c9f44645533bef\\okhttp-4.10.0.jar;C:\\Users\\Master\\.gradle\\caches\\8.11.1\\transforms\\e29ae661b22d4c410f22ff30e13e2e3a\\transformed\\cursoradapter-1.0.0-runtime.jar;C:\\Users\\Master\\.gradle\\caches\\modules-2\\files-2.1\\androidx.resourceinspection\\resourceinspection-annotation\\1.0.1\\8c21f8ff5d96d5d52c948707f7e4d6ca6773feef\\resourceinspection-annotation-1.0.1.jar;C:\\Users\\Master\\.gradle\\caches\\8.11.1\\transforms\\612cdd2f24b747d046402dc177811e74\\transformed\\cardview-1.0.0-runtime.jar;C:\\Users\\Master\\.gradle\\caches\\8.11.1\\transforms\\1d72402911ace6bf6ae85e0990996913\\transformed\\exoplayer-datasource-2.19.1-runtime.jar;C:\\Users\\Master\\.gradle\\caches\\8.11.1\\transforms\\8e315350288f6da20fcb30e2d0f73325\\transformed\\exoplayer-database-2.19.1-runtime.jar;C:\\Users\\Master\\.gradle\\caches\\8.11.1\\transforms\\0f2d864322bb58df003cf2619fc10247\\transformed\\exoplayer-extractor-2.19.1-runtime.jar;C:\\Users\\Master\\.gradle\\caches\\8.11.1\\transforms\\7e745dcc5df78c47d7d5ef2573e0d883\\transformed\\exoplayer-decoder-2.19.1-runtime.jar;C:\\Users\\Master\\.gradle\\caches\\8.11.1\\transforms\\531da82cf385ba7ae6c17f55461c75af\\transformed\\exoplayer-container-2.19.1-runtime.jar;C:\\Users\\Master\\.gradle\\caches\\8.11.1\\transforms\\d10802567a2c7b0e09bdc75878e05a30\\transformed\\exoplayer-common-2.19.1-runtime.jar;C:\\Users\\Master\\.gradle\\caches\\8.11.1\\transforms\\eea065b9b74060414b087cef4c4f6c21\\transformed\\interpolator-1.0.0-runtime.jar;C:\\Users\\Master\\.gradle\\caches\\8.11.1\\transforms\\ac750f5aa2ffa36aefd4e54803c1afb7\\transformed\\profileinstaller-1.4.0-runtime.jar;C:\\Users\\Master\\.gradle\\caches\\8.11.1\\transforms\\3394899b18970faa9924331c2c51c765\\transformed\\startup-runtime-1.1.1-runtime.jar;C:\\Users\\Master\\.gradle\\caches\\8.11.1\\transforms\\30c02a6c6e33d35e7f94dfcf7469351e\\transformed\\tracing-1.2.0-runtime.jar;C:\\Users\\Master\\.gradle\\caches\\8.11.1\\transforms\\0b7e753a8472fffd96f7b08a63309fd6\\transformed\\versionedparcelable-1.1.1-runtime.jar;C:\\Users\\Master\\.gradle\\caches\\modules-2\\files-2.1\\androidx.collection\\collection-ktx\\1.4.2\\2ad14aed781c4a73ed4dbb421966d408a0a06686\\collection-ktx-1.4.2.jar;C:\\Users\\Master\\.gradle\\caches\\8.11.1\\transforms\\db24017092c90be214a69dfa73276a74\\transformed\\runtime-saveable-release-runtime.jar;C:\\Users\\Master\\.gradle\\caches\\8.11.1\\transforms\\6af4032b379171a71864899de0cdb349\\transformed\\runtime-release-runtime.jar;C:\\Users\\Master\\.gradle\\caches\\modules-2\\files-2.1\\androidx.collection\\collection-jvm\\1.4.2\\bc60b5568a66d765a9fe8e266fd0c6c727e0b50b\\collection-jvm-1.4.2.jar;C:\\Users\\Master\\.gradle\\caches\\8.11.1\\transforms\\7a96d04e42e4b691fb8b13869eaa6c73\\transformed\\core-runtime-2.2.0-runtime.jar;C:\\Users\\Master\\.gradle\\caches\\modules-2\\files-2.1\\androidx.arch.core\\core-common\\2.2.0\\5e1b8b81dfd5f52c56a8d53b18ca759c19a301f3\\core-common-2.2.0.jar;C:\\Users\\Master\\.gradle\\caches\\modules-2\\files-2.1\\androidx.concurrent\\concurrent-futures\\1.1.0\\50b7fb98350d5f42a4e49704b03278542293ba48\\concurrent-futures-1.1.0.jar;C:\\Users\\Master\\.gradle\\caches\\8.11.1\\transforms\\cb60299f520054ebf38d4d260ce15a96\\transformed\\documentfile-1.0.0-runtime.jar;C:\\Users\\Master\\.gradle\\caches\\8.11.1\\transforms\\db39e61eff6f278d0b5a66075569b81a\\transformed\\localbroadcastmanager-1.0.0-runtime.jar;C:\\Users\\Master\\.gradle\\caches\\8.11.1\\transforms\\84aebc4a63884da2131bb95010428dca\\transformed\\print-1.0.0-runtime.jar;C:\\Users\\Master\\.gradle\\caches\\modules-2\\files-2.1\\androidx.annotation\\annotation-jvm\\1.8.1\\b8a16fe526014b7941c1debaccaf9c5153692dbb\\annotation-jvm-1.8.1.jar;C:\\Users\\Master\\.gradle\\caches\\8.11.1\\transforms\\98a77e1150c7e3d8756af29cd45698c2\\transformed\\annotation-experimental-1.4.1-runtime.jar;C:\\Users\\Master\\.gradle\\caches\\8.11.1\\transforms\\bc269a18458e9dd16bbadd95a270273b\\transformed\\core-viewtree-1.0.0-runtime.jar;C:\\Users\\Master\\.gradle\\caches\\modules-2\\files-2.1\\org.jetbrains.kotlinx\\kotlinx-coroutines-core-jvm\\1.7.3\\2b09627576f0989a436a00a4a54b55fa5026fb86\\kotlinx-coroutines-core-jvm-1.7.3.jar;C:\\Users\\Master\\.gradle\\caches\\modules-2\\files-2.1\\org.jetbrains.kotlinx\\kotlinx-coroutines-android\\1.7.3\\38d9cad3a0b03a10453b56577984bdeb48edeed5\\kotlinx-coroutines-android-1.7.3.jar;C:\\Users\\Master\\.gradle\\caches\\modules-2\\files-2.1\\com.squareup.okio\\okio-jvm\\3.0.0\\ab5a73fa2ccb4a36b0b5c69fe10b16d0255bcf8\\okio-jvm-3.0.0.jar;C:\\Users\\Master\\.gradle\\caches\\modules-2\\files-2.1\\org.jetbrains.kotlin\\kotlin-stdlib-jdk8\\1.8.22\\b25c86d47d6b962b9cf0f8c3f320c8a10eea3dd1\\kotlin-stdlib-jdk8-1.8.22.jar;C:\\Users\\Master\\.gradle\\caches\\modules-2\\files-2.1\\org.jetbrains.kotlin\\kotlin-stdlib-jdk7\\1.8.22\\4dabb8248310d833bb6a8b516024a91fd3d275c\\kotlin-stdlib-jdk7-1.8.22.jar;C:\\Users\\Master\\.gradle\\caches\\modules-2\\files-2.1\\org.jetbrains.kotlin\\kotlin-stdlib\\2.0.21\\618b539767b4899b4660a83006e052b63f1db551\\kotlin-stdlib-2.0.21.jar;C:\\Users\\Master\\.gradle\\caches\\modules-2\\files-2.1\\org.jsoup\\jsoup\\1.15.3\\f6e1d8a8819f854b681c8eaa57fd59a42329e10c\\jsoup-1.15.3.jar;C:\\Users\\Master\\.gradle\\caches\\modules-2\\files-2.1\\edu.stanford.nlp\\stanford-corenlp\\3.6.0\\a179fc479651f3ce59a64d1e87b84b5693f29e05\\stanford-corenlp-3.6.0-models-english.jar;C:\\Users\\Master\\.gradle\\caches\\modules-2\\files-2.1\\edu.stanford.nlp\\stanford-parser\\3.6.0\\77b13a75cf4dc5a3b6cab6da711d0e10cb4ac43d\\stanford-parser-3.6.0.jar;C:\\Users\\Master\\.gradle\\caches\\modules-2\\files-2.1\\net.sf.extjwnl\\extjwnl\\2.0.2\\1b3cb67bcad03a1bd0d992e95dc9b29192b82183\\extjwnl-2.0.2.jar;C:\\Users\\Master\\.gradle\\caches\\modules-2\\files-2.1\\net.sf.extjwnl\\extjwnl-data-wn31\\1.2\\dddcd43a5c53574346ce3d9e4110a7b0296b147d\\extjwnl-data-wn31-1.2.jar;C:\\Users\\Master\\.gradle\\caches\\modules-2\\files-2.1\\org.languagetool\\language-en\\5.8\\11426b9317edc4b8d922b06c44cb9d2cedc04886\\language-en-5.8.jar;C:\\Users\\Master\\.gradle\\caches\\modules-2\\files-2.1\\org.hamcrest\\hamcrest-core\\1.3\\42a25dc3219429f0e5d060061f71acb49bf010a0\\hamcrest-core-1.3.jar;C:\\Users\\Master\\.gradle\\caches\\modules-2\\files-2.1\\org.languagetool\\languagetool-core\\5.8\\a9de2f02e0aa5393780c6e581600f91a3598c8a1\\languagetool-core-5.8.jar;C:\\Users\\Master\\.gradle\\caches\\modules-2\\files-2.1\\org.jetbrains\\annotations\\23.0.0\\8cc20c07506ec18e0834947b84a864bfc094484e\\annotations-23.0.0.jar;C:\\Users\\Master\\.gradle\\caches\\modules-2\\files-2.1\\io.grpc\\grpc-netty-shaded\\1.45.1\\1e582c5160f497ffac18bebf7f8d221cc7a3869f\\grpc-netty-shaded-1.45.1.jar;C:\\Users\\Master\\.gradle\\caches\\modules-2\\files-2.1\\io.grpc\\grpc-stub\\1.45.1\\3cf1d4ef88808bbabea5d929b78854ccc7f95242\\grpc-stub-1.45.1.jar;C:\\Users\\Master\\.gradle\\caches\\modules-2\\files-2.1\\io.grpc\\grpc-core\\1.45.1\\9d886fc7d591fac00cd1bbd2347ba66efb31ef20\\grpc-core-1.45.1.jar;C:\\Users\\Master\\.gradle\\caches\\modules-2\\files-2.1\\io.grpc\\grpc-protobuf\\1.45.1\\480d2a8c2592c7067d2fe9cc773d3a36402bc463\\grpc-protobuf-1.45.1.jar;C:\\Users\\Master\\.gradle\\caches\\modules-2\\files-2.1\\io.grpc\\grpc-protobuf-lite\\1.45.1\\a842605124e6542550b2da550a9acae1443a945\\grpc-protobuf-lite-1.45.1.jar;C:\\Users\\Master\\.gradle\\caches\\modules-2\\files-2.1\\io.grpc\\grpc-api\\1.45.1\\521df70b1f69648d5f418015ee594fc15a065dfc\\grpc-api-1.45.1.jar;C:\\Users\\Master\\.gradle\\caches\\modules-2\\files-2.1\\com.google.guava\\guava\\31.1-android\\9222c47cc3ae890f07f7c961bbb3cb69050fe4aa\\guava-31.1-android.jar;C:\\Users\\Master\\.gradle\\caches\\modules-2\\files-2.1\\com.google.errorprone\\error_prone_annotations\\2.15.0\\38c8485a652f808c8c149150da4e5c2b0bd17f9a\\error_prone_annotations-2.15.0.jar;C:\\Users\\Master\\.gradle\\caches\\modules-2\\files-2.1\\androidx.constraintlayout\\constraintlayout-core\\1.0.4\\29cdbe03ded6b0980f63fa5da2579a430e911c40\\constraintlayout-core-1.0.4.jar;C:\\Users\\Master\\.gradle\\caches\\modules-2\\files-2.1\\com.io7m.xom\\xom\\1.2.10\\4165e25bef19aad134f6498cc277110b9bc5e52b\\xom-1.2.10.jar;C:\\Users\\Master\\.gradle\\caches\\modules-2\\files-2.1\\de.jollyday\\jollyday\\0.4.7\\aa1c57aa11494985854b8ec8d39574754db67f22\\jollyday-0.4.7.jar;C:\\Users\\Master\\.gradle\\caches\\modules-2\\files-2.1\\joda-time\\joda-time\\2.9\\e8a58b7f5853b693b8c4795a714fe77c266c3acc\\joda-time-2.9.jar;C:\\Users\\Master\\.gradle\\caches\\modules-2\\files-2.1\\com.googlecode.efficient-java-matrix-library\\ejml\\0.23\\fb9a880674f0d241d727ee2bc5e6a839d3007fe8\\ejml-0.23.jar;C:\\Users\\Master\\.gradle\\caches\\modules-2\\files-2.1\\javax.json\\javax.json-api\\1.0\\a74939ecbf7294b40accb4048929577f5ddcee2\\javax.json-api-1.0.jar;C:\\Users\\Master\\.gradle\\caches\\modules-2\\files-2.1\\io.github.resilience4j\\resilience4j-circuitbreaker\\1.7.1\\ac1819c47ca19ad686ee015626e77c6dafe8e862\\resilience4j-circuitbreaker-1.7.1.jar;C:\\Users\\Master\\.gradle\\caches\\modules-2\\files-2.1\\io.github.resilience4j\\resilience4j-micrometer\\1.7.1\\e64b8dbf01c4eafb5cfdc089ccb59d8eed436299\\resilience4j-micrometer-1.7.1.jar;C:\\Users\\Master\\.gradle\\caches\\modules-2\\files-2.1\\io.github.resilience4j\\resilience4j-core\\1.7.1\\a047bb3aa97387172c88404919313dd8abacdf9\\resilience4j-core-1.7.1.jar;C:\\Users\\Master\\.gradle\\caches\\modules-2\\files-2.1\\org.slf4j\\slf4j-api\\1.7.30\\b5a4b6d16ab13e34a88fae84c35cd5d68cac922c\\slf4j-api-1.7.30.jar;C:\\Users\\Master\\.gradle\\caches\\modules-2\\files-2.1\\com.googlecode.concurrentlinkedhashmap\\concurrentlinkedhashmap-lru\\1.3.2\\ce9b04e15bb9999cc0a37807a4aeb57df289330c\\concurrentlinkedhashmap-lru-1.3.2.jar;C:\\Users\\Master\\.gradle\\caches\\modules-2\\files-2.1\\org.apache.opennlp\\opennlp-tools\\1.9.4\\dd5c4a6d82453bcccb78ba4ac90f166366dde12b\\opennlp-tools-1.9.4.jar;C:\\Users\\Master\\.gradle\\caches\\modules-2\\files-2.1\\edu.washington.cs.knowitall\\opennlp-tokenize-models\\1.5\\6dad86c15c48ea7e6588bbb00fcf34199574b0a3\\opennlp-tokenize-models-1.5.jar;C:\\Users\\Master\\.gradle\\caches\\modules-2\\files-2.1\\edu.washington.cs.knowitall\\opennlp-postag-models\\1.5\\f6d1b602dd918a59809344a0d2d952970b2e0cbf\\opennlp-postag-models-1.5.jar;C:\\Users\\Master\\.gradle\\caches\\modules-2\\files-2.1\\edu.washington.cs.knowitall\\opennlp-chunk-models\\1.5\\8aaad30ce180b30d5a43dc7bc896e7a6cb09c973\\opennlp-chunk-models-1.5.jar;C:\\Users\\Master\\.gradle\\caches\\modules-2\\files-2.1\\org.jspecify\\jspecify\\1.0.0\\7425a601c1c7ec76645a78d22b8c6a627edee507\\jspecify-1.0.0.jar;C:\\Users\\Master\\.gradle\\caches\\modules-2\\files-2.1\\xerces\\xercesImpl\\2.8.0\\cfd3ebe2f8034e660344f9108c3e2daf78c29cc3\\xercesImpl-2.8.0.jar;C:\\Users\\Master\\.gradle\\caches\\modules-2\\files-2.1\\xalan\\xalan\\2.7.0\\a33c0097f1c70b20fa7ded220ea317eb3500515e\\xalan-2.7.0.jar;C:\\Users\\Master\\.gradle\\caches\\modules-2\\files-2.1\\org.glassfish.jaxb\\jaxb-runtime\\2.3.0\\c50f1a599ff0fcf3944e7467cf3cfae1374f4fd6\\jaxb-runtime-2.3.0.jar;C:\\Users\\Master\\.gradle\\caches\\modules-2\\files-2.1\\org.glassfish.jaxb\\jaxb-core\\2.3.0\\b40bc6ae4bc14480204e143377ce6f75ebba5066\\jaxb-core-2.3.0.jar;C:\\Users\\Master\\.gradle\\caches\\modules-2\\files-2.1\\javax.xml.bind\\jaxb-api\\2.3.0\\99f802e0cb3e953ba3d6e698795c4aeb98d37c48\\jaxb-api-2.3.0.jar;C:\\Users\\Master\\.gradle\\caches\\modules-2\\files-2.1\\org.apache.commons\\commons-text\\1.9\\ba6ac8c2807490944a0a27f6f8e68fb5ed2e80e2\\commons-text-1.9.jar;C:\\Users\\Master\\.gradle\\caches\\modules-2\\files-2.1\\org.apache.commons\\commons-lang3\\3.11\\68e9a6adf7cf8eb7e9d31bbc554c7c75eeaac568\\commons-lang3-3.11.jar;C:\\Users\\Master\\.gradle\\caches\\modules-2\\files-2.1\\org.carrot2\\morfologik-fsa-builders\\2.1.9\\1ee460ed160a0e2a27a477d508c22ed219cbbb1c\\morfologik-fsa-builders-2.1.9.jar;C:\\Users\\Master\\.gradle\\caches\\modules-2\\files-2.1\\org.carrot2\\morfologik-speller\\2.1.9\\4a24f9cb47f2582cc6266ceffe054f7d477d379c\\morfologik-speller-2.1.9.jar;C:\\Users\\Master\\.gradle\\caches\\modules-2\\files-2.1\\org.carrot2\\morfologik-stemming\\2.1.9\\c3a590409efce30f84154044eaea49a4313535bd\\morfologik-stemming-2.1.9.jar;C:\\Users\\Master\\.gradle\\caches\\modules-2\\files-2.1\\org.carrot2\\morfologik-fsa\\2.1.9\\a12005eacfbbbe256fd4d41f80f6e3675d7e314e\\morfologik-fsa-2.1.9.jar;C:\\Users\\Master\\.gradle\\caches\\modules-2\\files-2.1\\com.carrotsearch\\hppc\\0.8.2\\ccb3ef933ead6b5d766fa571582ddb9b447e48c4\\hppc-0.8.2.jar;C:\\Users\\Master\\.gradle\\caches\\modules-2\\files-2.1\\net.loomchild\\segment\\2.0.1\\13134fce6e652c886da049623874aad2b22a8c1a\\segment-2.0.1.jar;C:\\Users\\Master\\.gradle\\caches\\modules-2\\files-2.1\\com.hankcs\\aho-corasick-double-array-trie\\1.2.2\\cc7033d581d6da608194d42efd3ca45ac55f3b69\\aho-corasick-double-array-trie-1.2.2.jar;C:\\Users\\Master\\.gradle\\caches\\modules-2\\files-2.1\\com.optimaize.languagedetector\\language-detector\\0.6\\52fee1eaa101f8d3e30b7095e1b6e0054d514dde\\language-detector-0.6.jar;C:\\Users\\Master\\.gradle\\caches\\modules-2\\files-2.1\\org.apache.lucene\\lucene-backward-codecs\\5.5.5\\d1dee5c7676a313758adb30d7b0bd4c69a4cd214\\lucene-backward-codecs-5.5.5.jar;C:\\Users\\Master\\.gradle\\caches\\modules-2\\files-2.1\\org.apache.lucene\\lucene-core\\5.5.5\\c34bcd9274859dc07cfed2a935aaca90c4f4b861\\lucene-core-5.5.5.jar;C:\\Users\\Master\\.gradle\\caches\\modules-2\\files-2.1\\com.fasterxml.jackson.core\\jackson-annotations\\2.13.2\\ec18851f1976d5b810ae1a5fcc32520d2d38f77a\\jackson-annotations-2.13.2.jar;C:\\Users\\Master\\.gradle\\caches\\modules-2\\files-2.1\\com.fasterxml.jackson.core\\jackson-core\\2.13.2\\a6a0e0620d51833feffc67bccb51937b2345763\\jackson-core-2.13.2.jar;C:\\Users\\Master\\.gradle\\caches\\modules-2\\files-2.1\\com.fasterxml.jackson.core\\jackson-databind\\2.13.2.1\\919754c0de3c2f22187e07318da1766f7583b5f7\\jackson-databind-2.13.2.1.jar;C:\\Users\\Master\\.gradle\\caches\\modules-2\\files-2.1\\tech.units\\indriya\\1.3\\68cc11db5da06308535985ea7efac0b163ec93d9\\indriya-1.3.jar;C:\\Users\\Master\\.gradle\\caches\\modules-2\\files-2.1\\tech.uom.lib\\uom-lib-common\\1.1\\bc776a2b620df40f8a7ffd39764c6bd846523168\\uom-lib-common-1.1.jar;C:\\Users\\Master\\.gradle\\caches\\modules-2\\files-2.1\\javax.measure\\unit-api\\1.0\\6b960260278588d7ff02fe376e5aad39a9c7440b\\unit-api-1.0.jar;C:\\Users\\Master\\.gradle\\caches\\modules-2\\files-2.1\\javax.activation\\javax.activation-api\\1.2.0\\85262acf3ca9816f9537ca47d5adeabaead7cb16\\javax.activation-api-1.2.0.jar;C:\\Users\\Master\\.gradle\\caches\\modules-2\\files-2.1\\com.gitlab.dumonts\\hunspell\\1.1.1\\b29c1819731b01df3990bf16fbfd0bdd78b80121\\hunspell-1.1.1.jar;C:\\Users\\Master\\.gradle\\caches\\modules-2\\files-2.1\\commons-logging\\commons-logging\\1.2\\4bfc12adfe4842bf07b657f0369c4cb522955686\\commons-logging-1.2.jar;C:\\Users\\Master\\.gradle\\caches\\modules-2\\files-2.1\\io.prometheus\\simpleclient_guava\\0.12.0\\e0c1d50b4d0cedca8a6b3e8d5fae8bd4f8a61c23\\simpleclient_guava-0.12.0.jar;C:\\Users\\Master\\.gradle\\caches\\modules-2\\files-2.1\\io.micrometer\\micrometer-registry-prometheus\\1.7.1\\3e2a771da71753d01efa813b2e9fbe5ec87aaee9\\micrometer-registry-prometheus-1.7.1.jar;C:\\Users\\Master\\.gradle\\caches\\modules-2\\files-2.1\\io.prometheus\\simpleclient_common\\0.10.0\\407f8e2ec94ff29ff6b76715a1c427145d31fdc4\\simpleclient_common-0.10.0.jar;C:\\Users\\Master\\.gradle\\caches\\modules-2\\files-2.1\\io.prometheus\\simpleclient\\0.12.0\\e8c3a7da95f65e16ec04a64190ebfce5ff19334d\\simpleclient-0.12.0.jar;C:\\Users\\Master\\.gradle\\caches\\modules-2\\files-2.1\\javax.annotation\\javax.annotation-api\\1.3.2\\934c04d3cfef185a8008e7bf34331b79730a9d43\\javax.annotation-api-1.3.2.jar;C:\\Users\\Master\\.gradle\\caches\\modules-2\\files-2.1\\org.apache.commons\\commons-pool2\\2.9.0\\58e9e8bbd29cf3e7861cb80c0a615770baffe840\\commons-pool2-2.9.0.jar;C:\\Users\\Master\\.gradle\\caches\\modules-2\\files-2.1\\org.jetbrains.intellij.deps\\trove4j\\1.0.20200330\\3afb14d5f9ceb459d724e907a21145e8ff394f02\\trove4j-1.0.20200330.jar;C:\\Users\\Master\\.gradle\\caches\\modules-2\\files-2.1\\commons-validator\\commons-validator\\1.7\\76069c915de3787f3ddd8726a56f47a95bfcbb0e\\commons-validator-1.7.jar;C:\\Users\\Master\\.gradle\\caches\\modules-2\\files-2.1\\com.vdurmont\\emoji-java\\5.1.1\\5b5896190e12110584f1e9e09eff376565a92626\\emoji-java-5.1.1.jar;C:\\Users\\Master\\.gradle\\caches\\modules-2\\files-2.1\\org.json\\json\\20200518\\41a767de4bde8f01d53856b905c49b2db8862f13\\json-20200518.jar;C:\\Users\\Master\\.gradle\\caches\\modules-2\\files-2.1\\com.google.guava\\listenablefuture\\9999.0-empty-to-avoid-conflict-with-guava\\b421526c5f297295adef1c886e5246c39d4ac629\\listenablefuture-9999.0-empty-to-avoid-conflict-with-guava.jar;C:\\Users\\Master\\.gradle\\caches\\modules-2\\files-2.1\\com.google.guava\\failureaccess\\1.0.1\\1dcf1de382a0bf95a3d8b0849546c88bac1292c9\\failureaccess-1.0.1.jar;C:\\Users\\Master\\.gradle\\caches\\modules-2\\files-2.1\\com.google.code.findbugs\\jsr305\\3.0.2\\25ea2e8b0c338a877313bd4672d3fe056ea78f0d\\jsr305-3.0.2.jar;C:\\Users\\Master\\.gradle\\caches\\modules-2\\files-2.1\\org.checkerframework\\checker-qual\\3.12.0\\d5692f0526415fcc6de94bb5bfbd3afd9dd3b3e5\\checker-qual-3.12.0.jar;C:\\Users\\Master\\.gradle\\caches\\modules-2\\files-2.1\\com.google.j2objc\\j2objc-annotations\\1.3\\ba035118bc8bac37d7eff77700720999acd9986d\\j2objc-annotations-1.3.jar;C:\\Users\\Master\\.gradle\\caches\\modules-2\\files-2.1\\net.arnx\\jsonic\\1.2.11\\d85dcd1c5469673b58ec78ceae8a675e2c730c66\\jsonic-1.2.11.jar;C:\\Users\\Master\\.gradle\\caches\\modules-2\\files-2.1\\com.intellij\\annotations\\12.0\\bbcf6448f6d40abe506e2c83b70a3e8bfd2b4539\\annotations-12.0.jar;C:\\Users\\Master\\.gradle\\caches\\modules-2\\files-2.1\\org.jvnet.staxex\\stax-ex\\1.7.8\\377077e4441cc46be5efde9de63efdf790a59cd7\\stax-ex-1.7.8.jar;C:\\Users\\Master\\.gradle\\caches\\modules-2\\files-2.1\\com.sun.xml.fastinfoset\\FastInfoset\\1.2.13\\98f56b9354e27bd2941cc5d461344e240ae51ae\\FastInfoset-1.2.13.jar;C:\\Users\\Master\\.gradle\\caches\\modules-2\\files-2.1\\com.nativelibs4java\\bridj\\0.7.0\\461c40ed578c92106579e370838ed4e224d0289e\\bridj-0.7.0.jar;C:\\Users\\Master\\.gradle\\caches\\modules-2\\files-2.1\\io.prometheus\\simpleclient_tracer_otel\\0.12.0\\161b6c001775dcdd5949a1afac15c751cce808f7\\simpleclient_tracer_otel-0.12.0.jar;C:\\Users\\Master\\.gradle\\caches\\modules-2\\files-2.1\\io.prometheus\\simpleclient_tracer_otel_agent\\0.12.0\\ad88e2cd06c820700c03903a414eed729374951b\\simpleclient_tracer_otel_agent-0.12.0.jar;C:\\Users\\Master\\.gradle\\caches\\modules-2\\files-2.1\\io.vavr\\vavr\\0.10.2\\dfd5101b17da36c32ae024b984e0b72712f01a35\\vavr-0.10.2.jar;C:\\Users\\Master\\.gradle\\caches\\modules-2\\files-2.1\\io.micrometer\\micrometer-core\\1.7.1\\d72e79bb951bce7c107385f41fad7b909548ffdc\\micrometer-core-1.7.1.jar;C:\\Users\\Master\\.gradle\\caches\\modules-2\\files-2.1\\io.perfmark\\perfmark-api\\0.23.0\\b813b7539fae6550541da8caafd6add86d4e22f\\perfmark-api-0.23.0.jar;C:\\Users\\Master\\.gradle\\caches\\modules-2\\files-2.1\\com.google.api.grpc\\proto-google-common-protos\\2.0.1\\20827628ea2b9f69ae22987b2aedb0050e9c470d\\proto-google-common-protos-2.0.1.jar;C:\\Users\\Master\\.gradle\\caches\\modules-2\\files-2.1\\com.google.protobuf\\protobuf-java\\3.19.2\\e958ce38f96b612d3819ff1c753d4d70609aea74\\protobuf-java-3.19.2.jar;C:\\Users\\Master\\.gradle\\caches\\modules-2\\files-2.1\\commons-beanutils\\commons-beanutils\\1.9.4\\d52b9abcd97f38c81342bb7e7ae1eee9b73cba51\\commons-beanutils-1.9.4.jar;C:\\Users\\Master\\.gradle\\caches\\modules-2\\files-2.1\\commons-digester\\commons-digester\\2.1\\73a8001e7a54a255eef0f03521ec1805dc738ca0\\commons-digester-2.1.jar;C:\\Users\\Master\\.gradle\\caches\\modules-2\\files-2.1\\org.glassfish.jaxb\\txw2\\2.3.0\\eee383097bb1aeeda6227694bcb88f3082e634bf\\txw2-2.3.0.jar;C:\\Users\\Master\\.gradle\\caches\\modules-2\\files-2.1\\com.sun.istack\\istack-commons-runtime\\3.0.5\\8052dc9920dfab5d50b8ca95c95a6ce4296a8f8b\\istack-commons-runtime-3.0.5.jar;C:\\Users\\Master\\.gradle\\caches\\modules-2\\files-2.1\\com.google.android.tools\\dx\\1.7\\70eab4a00d9f7ca8849e960a87f5b6736aa4ec11\\dx-1.7.jar;C:\\Users\\Master\\.gradle\\caches\\modules-2\\files-2.1\\io.prometheus\\simpleclient_tracer_common\\0.12.0\\259572299670c8f57808b5e540ecb181730832ed\\simpleclient_tracer_common-0.12.0.jar;C:\\Users\\Master\\.gradle\\caches\\modules-2\\files-2.1\\io.vavr\\vavr-match\\0.10.2\\68f1af10052713fda01bfb1e5b831dcf6d826ab2\\vavr-match-0.10.2.jar;C:\\Users\\Master\\.gradle\\caches\\modules-2\\files-2.1\\org.hdrhistogram\\HdrHistogram\\2.1.12\\6eb7552156e0d517ae80cc2247be1427c8d90452\\HdrHistogram-2.1.12.jar;C:\\Users\\Master\\.gradle\\caches\\modules-2\\files-2.1\\org.latencyutils\\LatencyUtils\\2.0.3\\769c0b82cb2421c8256300e907298a9410a2a3d3\\LatencyUtils-2.0.3.jar;C:\\Users\\Master\\.gradle\\caches\\modules-2\\files-2.1\\com.google.code.gson\\gson\\2.8.9\\8a432c1d6825781e21a02db2e2c33c5fde2833b9\\gson-2.8.9.jar;C:\\Users\\Master\\.gradle\\caches\\modules-2\\files-2.1\\com.google.android\\annotations\\4.1.1.4\\a1678ba907bf92691d879fef34e1a187038f9259\\annotations-4.1.1.4.jar;C:\\Users\\Master\\.gradle\\caches\\modules-2\\files-2.1\\io.grpc\\grpc-context\\1.45.1\\485a08c019cc78914a477b1dfc7052820b8d822c\\grpc-context-1.45.1.jar;D:\\homework\\android-projects\\5\\app\\build\\intermediates\\java_res\\debug\\processDebugJavaRes\\out;C:\\Users\\Master\\.gradle\\caches\\8.11.1\\transforms\\5243c3afa925c74f5a566ae55227853d\\transformed\\viewbinding-8.9.2\\jars\\classes.jar;C:\\Users\\Master\\.gradle\\caches\\8.11.1\\transforms\\48036dcf6b561da15e595f9e3e0f3860\\transformed\\material-1.11.0\\jars\\classes.jar;C:\\Users\\Master\\.gradle\\caches\\8.11.1\\transforms\\6190446aad52b983fe0060f9143459f7\\transformed\\constraintlayout-2.1.4\\jars\\classes.jar;C:\\Users\\Master\\.gradle\\caches\\8.11.1\\transforms\\7aa03df8375f907dbb9ad350396a6df8\\transformed\\appcompat-resources-1.6.1\\jars\\classes.jar;C:\\Users\\Master\\.gradle\\caches\\8.11.1\\transforms\\c83a6eaef5b2ada922f5332042516cfa\\transformed\\appcompat-1.6.1\\jars\\classes.jar;C:\\Users\\Master\\.gradle\\caches\\8.11.1\\transforms\\06435cd199c94f95caebf9175a2c873b\\transformed\\material3-release\\jars\\classes.jar;C:\\Users\\Master\\.gradle\\caches\\8.11.1\\transforms\\cf25bf388eafc3133d7af404517358bd\\transformed\\material-release\\jars\\classes.jar;C:\\Users\\Master\\.gradle\\caches\\8.11.1\\transforms\\6cec7e4b7a05df2638da11464eb163a1\\transformed\\material-ripple-release\\jars\\classes.jar;C:\\Users\\Master\\.gradle\\caches\\8.11.1\\transforms\\be798ea8a148b0481ec2c39afecaafde\\transformed\\foundation-release\\jars\\classes.jar;C:\\Users\\Master\\.gradle\\caches\\8.11.1\\transforms\\af66755ce14afefe27b7822ec7b3c3e4\\transformed\\animation-release\\jars\\classes.jar;C:\\Users\\Master\\.gradle\\caches\\8.11.1\\transforms\\a0b3e733a991df691f8be8255bd351a2\\transformed\\foundation-layout-release\\jars\\classes.jar;C:\\Users\\Master\\.gradle\\caches\\8.11.1\\transforms\\1f10085144fc34fe47c95586dad2a2ce\\transformed\\animation-core-release\\jars\\classes.jar;C:\\Users\\Master\\.gradle\\caches\\8.11.1\\transforms\\8794d0d2478f119145583acad4ee622a\\transformed\\ui-tooling-data-release\\jars\\classes.jar;C:\\Users\\Master\\.gradle\\caches\\8.11.1\\transforms\\893938746ccbc617bafd31b569e5c93a\\transformed\\ui-unit-release\\jars\\classes.jar;C:\\Users\\Master\\.gradle\\caches\\8.11.1\\transforms\\e57f56b2ce00c1fae24e554c51edb0d5\\transformed\\ui-geometry-release\\jars\\classes.jar;C:\\Users\\Master\\.gradle\\caches\\8.11.1\\transforms\\25327c4bb587d942f155d640a0e8bb83\\transformed\\ui-util-release\\jars\\classes.jar;C:\\Users\\Master\\.gradle\\caches\\8.11.1\\transforms\\aeed6e48fd786d11cd7cb3664f04f3be\\transformed\\ui-text-release\\jars\\classes.jar;C:\\Users\\Master\\.gradle\\caches\\8.11.1\\transforms\\328ec8c3a3e2fed4e6c339e58243d9bd\\transformed\\ui-tooling-preview-release\\jars\\classes.jar;C:\\Users\\Master\\.gradle\\caches\\8.11.1\\transforms\\3d2795e0f4a0a9a02793623aed26948f\\transformed\\ui-tooling-release\\jars\\classes.jar;C:\\Users\\Master\\.gradle\\caches\\8.11.1\\transforms\\a1dc4f2cc613c03212c408042e0b6755\\transformed\\ui-graphics-release\\jars\\classes.jar;C:\\Users\\Master\\.gradle\\caches\\8.11.1\\transforms\\ba8c99a910d6cad96fe3ebbc6f113f7a\\transformed\\material-icons-core-release\\jars\\classes.jar;C:\\Users\\Master\\.gradle\\caches\\8.11.1\\transforms\\ab7ce14ef286033832bba01dbcbefddc\\transformed\\ui-release\\jars\\classes.jar;C:\\Users\\Master\\.gradle\\caches\\8.11.1\\transforms\\05ccbf8b9fdbbd0418fcdc05aefeb80e\\transformed\\ui-test-manifest-1.7.0\\jars\\classes.jar;C:\\Users\\Master\\.gradle\\caches\\8.11.1\\transforms\\8806bf9b710225787f4545c696bfe6d7\\transformed\\viewpager2-1.0.0\\jars\\classes.jar;C:\\Users\\Master\\.gradle\\caches\\8.11.1\\transforms\\3423141816b64305fa9f8f0a635b63fb\\transformed\\fragment-1.3.6\\jars\\classes.jar;C:\\Users\\Master\\.gradle\\caches\\8.11.1\\transforms\\c6c3a83cdeaad7614ff73e36b8fad858\\transformed\\activity-1.10.1\\jars\\classes.jar;C:\\Users\\Master\\.gradle\\caches\\8.11.1\\transforms\\2ebffda3f9e484d41b9d6d747d430493\\transformed\\activity-ktx-1.10.1\\jars\\classes.jar;C:\\Users\\Master\\.gradle\\caches\\8.11.1\\transforms\\210b11e9c4ab7a04ab72df6ba97b25b0\\transformed\\activity-compose-1.10.1\\jars\\classes.jar;C:\\Users\\Master\\.gradle\\caches\\8.11.1\\transforms\\958e99606b583d4f4e856f0acb948b85\\transformed\\drawerlayout-1.1.1\\jars\\classes.jar;C:\\Users\\Master\\.gradle\\caches\\8.11.1\\transforms\\e96941145bcd0defd09b31ff829d9210\\transformed\\coordinatorlayout-1.1.0\\jars\\classes.jar;C:\\Users\\Master\\.gradle\\caches\\8.11.1\\transforms\\cac4d1d7188d273e608f9e4395fa3274\\transformed\\dynamicanimation-1.0.0\\jars\\classes.jar;C:\\Users\\Master\\.gradle\\caches\\8.11.1\\transforms\\8e4b5d429c844c9a1ceb89495eadc357\\transformed\\transition-1.2.0\\jars\\classes.jar;C:\\Users\\Master\\.gradle\\caches\\8.11.1\\transforms\\d109d39788d8d96cde7cfef000a84016\\transformed\\vectordrawable-animated-1.1.0\\jars\\classes.jar;C:\\Users\\Master\\.gradle\\caches\\8.11.1\\transforms\\677ab952a6bdfa2d0151e6fa2daef59f\\transformed\\vectordrawable-1.1.0\\jars\\classes.jar;C:\\Users\\Master\\.gradle\\caches\\8.11.1\\transforms\\e4f675115c3313ecae22c70270893b41\\transformed\\exoplayer-2.19.1\\jars\\classes.jar;C:\\Users\\Master\\.gradle\\caches\\8.11.1\\transforms\\cdfdf3d6f51a9e5351e34e752e58587c\\transformed\\exoplayer-dash-2.19.1\\jars\\classes.jar;C:\\Users\\Master\\.gradle\\caches\\8.11.1\\transforms\\8c50c445867a73bc9823f7cd98ed1921\\transformed\\exoplayer-hls-2.19.1\\jars\\classes.jar;C:\\Users\\Master\\.gradle\\caches\\8.11.1\\transforms\\02f70f0303d772f5420e352179f38c27\\transformed\\exoplayer-rtsp-2.19.1\\jars\\classes.jar;C:\\Users\\Master\\.gradle\\caches\\8.11.1\\transforms\\de9dd67233b4cfba1ddb3b7a276b5ffd\\transformed\\exoplayer-smoothstreaming-2.19.1\\jars\\classes.jar;C:\\Users\\Master\\.gradle\\caches\\8.11.1\\transforms\\4932b17ee51633dab4d740301be02b3f\\transformed\\exoplayer-core-2.19.1\\jars\\classes.jar;C:\\Users\\Master\\.gradle\\caches\\8.11.1\\transforms\\61829eaece6a6ee071f449b44fe20e93\\transformed\\exoplayer-ui-2.19.1\\jars\\classes.jar;C:\\Users\\Master\\.gradle\\caches\\8.11.1\\transforms\\811696cc3766de73b684d0122b9f0fce\\transformed\\recyclerview-1.3.0\\jars\\classes.jar;C:\\Users\\Master\\.gradle\\caches\\8.11.1\\transforms\\1a5961f4a57a3743ca2acbb67fc8abe4\\transformed\\media-1.6.0\\jars\\classes.jar;C:\\Users\\Master\\.gradle\\caches\\8.11.1\\transforms\\2e009feb65328821be20a45ff2d9c6c8\\transformed\\viewpager-1.0.0\\jars\\classes.jar;C:\\Users\\Master\\.gradle\\caches\\8.11.1\\transforms\\1b2e811826d3dbd142e08e71b0dc01ba\\transformed\\legacy-support-core-utils-1.0.0\\jars\\classes.jar;C:\\Users\\Master\\.gradle\\caches\\8.11.1\\transforms\\c1f5f0116e5620a9ec328214233d45a7\\transformed\\loader-1.0.0\\jars\\classes.jar;C:\\Users\\Master\\.gradle\\caches\\8.11.1\\transforms\\28ce86a30a2a7acc694736698644c94e\\transformed\\customview-1.1.0\\jars\\classes.jar;C:\\Users\\Master\\.gradle\\caches\\8.11.1\\transforms\\6dd664d8fb2c6146e9668b5bb6606b68\\transformed\\autofill-1.0.0\\jars\\classes.jar;C:\\Users\\Master\\.gradle\\caches\\8.11.1\\transforms\\cc05ddfb4d96976e41222d310588df02\\transformed\\graphics-path-1.0.1\\jars\\classes.jar;C:\\Users\\Master\\.gradle\\caches\\8.11.1\\transforms\\080576687a1e42c5f0cf0a55b51e90a1\\transformed\\emoji2-views-helper-1.3.0\\jars\\classes.jar;C:\\Users\\Master\\.gradle\\caches\\8.11.1\\transforms\\59b15f82f7fccd3c2ec307609ce4b1e2\\transformed\\emoji2-1.3.0\\jars\\classes.jar;C:\\Users\\Master\\.gradle\\caches\\8.11.1\\transforms\\59b15f82f7fccd3c2ec307609ce4b1e2\\transformed\\emoji2-1.3.0\\jars\\libs\\repackaged.jar;C:\\Users\\Master\\.gradle\\caches\\8.11.1\\transforms\\646938c6d682ce0b719a8ccd40381c0c\\transformed\\core-1.16.0\\jars\\classes.jar;C:\\Users\\Master\\.gradle\\caches\\8.11.1\\transforms\\911535bf3f2c6213884d654a13457e82\\transformed\\savedstate-ktx-1.2.1\\jars\\classes.jar;C:\\Users\\Master\\.gradle\\caches\\8.11.1\\transforms\\1fc37c64eebbc764182a24d171646fb4\\transformed\\savedstate-1.2.1\\jars\\classes.jar;C:\\Users\\Master\\.gradle\\caches\\8.11.1\\transforms\\842b122baa080932a25a71835504dbc4\\transformed\\lifecycle-process-2.8.7\\jars\\classes.jar;C:\\Users\\Master\\.gradle\\caches\\8.11.1\\transforms\\1390af566ad5f924abb20fb7bfa0c31b\\transformed\\lifecycle-livedata-core-ktx-2.8.7\\jars\\classes.jar;C:\\Users\\Master\\.gradle\\caches\\8.11.1\\transforms\\c1bf05eb7aa3403bd0cd06b24404d5a6\\transformed\\lifecycle-runtime-compose-release\\jars\\classes.jar;C:\\Users\\Master\\.gradle\\caches\\8.11.1\\transforms\\8523a52040ff06afc2baf3eb7808bb3e\\transformed\\lifecycle-livedata-2.8.7\\jars\\classes.jar;C:\\Users\\Master\\.gradle\\caches\\8.11.1\\transforms\\3449e645b444936c6cd9e1cc801a0aac\\transformed\\lifecycle-viewmodel-2.8.7\\jars\\classes.jar;C:\\Users\\Master\\.gradle\\caches\\8.11.1\\transforms\\39daee2d82c8c3ee8cc3e7c5dea2aedf\\transformed\\lifecycle-viewmodel-release\\jars\\classes.jar;C:\\Users\\Master\\.gradle\\caches\\8.11.1\\transforms\\28befcc02987f7c3e0a2816f03421481\\transformed\\lifecycle-runtime-release\\jars\\classes.jar;C:\\Users\\Master\\.gradle\\caches\\8.11.1\\transforms\\8152824db74e0271d1adc7ef1ba4accb\\transformed\\lifecycle-livedata-core-2.8.7\\jars\\classes.jar;C:\\Users\\Master\\.gradle\\caches\\8.11.1\\transforms\\c5de8e3be79f5e28c14e72e488e86612\\transformed\\lifecycle-viewmodel-ktx-2.8.7\\jars\\classes.jar;C:\\Users\\Master\\.gradle\\caches\\8.11.1\\transforms\\e7df1a674df345b16a429ded95c22691\\transformed\\lifecycle-runtime-ktx-release\\jars\\classes.jar;C:\\Users\\Master\\.gradle\\caches\\8.11.1\\transforms\\d0133f3b254f725633accb85d6aca557\\transformed\\lifecycle-viewmodel-savedstate-2.8.7\\jars\\classes.jar;C:\\Users\\Master\\.gradle\\caches\\8.11.1\\transforms\\81a5de2b4d4c34cc1d782b8a662086dd\\transformed\\customview-poolingcontainer-1.0.0\\jars\\classes.jar;C:\\Users\\Master\\.gradle\\caches\\8.11.1\\transforms\\2b93497f442aa8c66de30a80956eaf76\\transformed\\core-ktx-1.16.0\\jars\\classes.jar;C:\\Users\\Master\\.gradle\\caches\\8.11.1\\transforms\\bbd2819052dca8c53787cee1fce1b492\\transformed\\cursoradapter-1.0.0\\jars\\classes.jar;C:\\Users\\Master\\.gradle\\caches\\8.11.1\\transforms\\372050eaed6e28dc5294debe0d8a523b\\transformed\\cardview-1.0.0\\jars\\classes.jar;C:\\Users\\Master\\.gradle\\caches\\8.11.1\\transforms\\9c9d1f6bfb8841740c54df086cdd6ac4\\transformed\\exoplayer-datasource-2.19.1\\jars\\classes.jar;C:\\Users\\Master\\.gradle\\caches\\8.11.1\\transforms\\b775ab9e6d47301f4f2f22533c0919b5\\transformed\\exoplayer-database-2.19.1\\jars\\classes.jar;C:\\Users\\Master\\.gradle\\caches\\8.11.1\\transforms\\e6999c0b76f804ae480131fa4b853fbd\\transformed\\exoplayer-extractor-2.19.1\\jars\\classes.jar;C:\\Users\\Master\\.gradle\\caches\\8.11.1\\transforms\\c8d903b963c6c5024621db5a6f01e735\\transformed\\exoplayer-decoder-2.19.1\\jars\\classes.jar;C:\\Users\\Master\\.gradle\\caches\\8.11.1\\transforms\\f58ffd9d8674b5c2d013e21b6ae2a7bf\\transformed\\exoplayer-container-2.19.1\\jars\\classes.jar;C:\\Users\\Master\\.gradle\\caches\\8.11.1\\transforms\\891bcbb6a2b27300833d78f0dfc01a8b\\transformed\\exoplayer-common-2.19.1\\jars\\classes.jar;C:\\Users\\Master\\.gradle\\caches\\8.11.1\\transforms\\6c95b45650c1b9e19ae8b3a63cb4b53f\\transformed\\interpolator-1.0.0\\jars\\classes.jar;C:\\Users\\Master\\.gradle\\caches\\8.11.1\\transforms\\4e6a554fcd7ec160514d7a3a7b7f0869\\transformed\\profileinstaller-1.4.0\\jars\\classes.jar;C:\\Users\\Master\\.gradle\\caches\\8.11.1\\transforms\\be4b71d4002fb77f5d9f088079056c29\\transformed\\startup-runtime-1.1.1\\jars\\classes.jar;C:\\Users\\Master\\.gradle\\caches\\8.11.1\\transforms\\fbee358c82582dc66b8ebdb2e6d77e39\\transformed\\tracing-1.2.0\\jars\\classes.jar;C:\\Users\\Master\\.gradle\\caches\\8.11.1\\transforms\\2877e0fb68e3222f62090d5b0d6a3be7\\transformed\\versionedparcelable-1.1.1\\jars\\classes.jar;C:\\Users\\Master\\.gradle\\caches\\8.11.1\\transforms\\081a34640633cae198a5c267266ae872\\transformed\\runtime-saveable-release\\jars\\classes.jar;C:\\Users\\Master\\.gradle\\caches\\8.11.1\\transforms\\3b7283453b28990574676402665e87c2\\transformed\\runtime-release\\jars\\classes.jar;C:\\Users\\Master\\.gradle\\caches\\8.11.1\\transforms\\4d8362e5b75ef045395cf8a49def6540\\transformed\\core-runtime-2.2.0\\jars\\classes.jar;C:\\Users\\Master\\.gradle\\caches\\8.11.1\\transforms\\1a24a3360cf797aeb989cbab582ec172\\transformed\\documentfile-1.0.0\\jars\\classes.jar;C:\\Users\\Master\\.gradle\\caches\\8.11.1\\transforms\\9d6449317d83036d26fd14d3ace10ab4\\transformed\\localbroadcastmanager-1.0.0\\jars\\classes.jar;C:\\Users\\Master\\.gradle\\caches\\8.11.1\\transforms\\b7a83fd8d6c92e38826a3961000300c2\\transformed\\print-1.0.0\\jars\\classes.jar;C:\\Users\\Master\\.gradle\\caches\\8.11.1\\transforms\\f2297341c425be47bec2a1c802dcf15a\\transformed\\annotation-experimental-1.4.1\\jars\\classes.jar;C:\\Users\\Master\\.gradle\\caches\\8.11.1\\transforms\\dc7c0804c3a4252b461207c3c39561f3\\transformed\\core-viewtree-1.0.0\\jars\\classes.jar;D:\\homework\\android-projects\\5\\app\\build\\intermediates\\compile_and_runtime_not_namespaced_r_class_jar\\debug\\processDebugResources\\R.jar;C:\\Users\\Master\\.gradle\\caches\\8.11.1\\transforms\\a6160baac0752b87fc16be008295b226\\transformed\\android.jar
Launcher Type: SUN_STANDARD

[Global flags]
     intx CICompilerCount                          = 4                                         {product} {ergonomic}
     uint ConcGCThreads                            = 2                                         {product} {ergonomic}
     uint G1ConcRefinementThreads                  = 8                                         {product} {ergonomic}
   size_t G1HeapRegionSize                         = 1048576                                   {product} {ergonomic}
    uintx GCDrainStackTargetSize                   = 64                                        {product} {ergonomic}
   size_t InitialHeapSize                          = 132120576                                 {product} {ergonomic}
   size_t MarkStackSize                            = 4194304                                   {product} {ergonomic}
   size_t MaxHeapSize                              = 536870912                                 {product} {command line}
   size_t MinHeapDeltaBytes                        = 1048576                                   {product} {ergonomic}
   size_t MinHeapSize                              = 8388608                                   {product} {ergonomic}
    uintx NonNMethodCodeHeapSize                   = 5839372                                {pd product} {ergonomic}
    uintx NonProfiledCodeHeapSize                  = 122909434                              {pd product} {ergonomic}
    uintx ProfiledCodeHeapSize                     = 122909434                              {pd product} {ergonomic}
    uintx ReservedCodeCacheSize                    = 251658240                              {pd product} {ergonomic}
     bool SegmentedCodeCache                       = true                                      {product} {ergonomic}
   size_t SoftMaxHeapSize                          = 536870912                              {manageable} {ergonomic}
     bool UseCompressedOops                        = true                           {product lp64_product} {ergonomic}
     bool UseG1GC                                  = true                                      {product} {ergonomic}
     bool UseLargePagesIndividualAllocation        = false                                  {pd product} {ergonomic}

Logging:
Log output configuration:
 #0: stdout all=warning uptime,level,tags foldmultilines=false
 #1: stderr all=off uptime,level,tags foldmultilines=false

Environment Variables:
JAVA_HOME=D:\learning\JavaSupport\jdk\jdk17
PATH=C:\Windows\system32;C:\Windows;C:\Windows\System32\Wbem;C:\Windows\System32\WindowsPowerShell\v1.0\;C:\Windows\System32\OpenSSH\;C:\Program Files (x86)\NVIDIA Corporation\PhysX\Common;C:\WINDOWS\system32;C:\WINDOWS;C:\WINDOWS\System32\Wbem;C:\WINDOWS\System32\WindowsPowerShell\v1.0\;C:\WINDOWS\System32\OpenSSH\;D:\learning\Database\MySQL\install\bin;D:\learning\JavaSupport\tomcat\apache-tomcat-9.0.95\bin;D:\learning\JavaSupport\jdk\jdk17\bin;D:\learning\Other\jmeter\apache-jmeter-5.6.3\bin;D:\learning\Other\git\Git\cmd;D:\learning\Other\wx dev\dll;C:\Program Files\NVIDIA Corporation\NVIDIA NvDLISR;D:\learning\JavaSupport\maven\apache-maven-3.9.9\bin;%SUBLIME%;D:\tools\rational rose\common;D:\learning\Other\vs\workspace\opencv\build\x64\vc16\bin;C:\Users\Master\AppData\Local\Android\Sdk\platform-tools;C:\Users\Master\AppData\Local\Microsoft\WindowsApps;D:\learning\JavaSupport\idea\IntelliJ IDEA 2024.2.3\bin;;D:\learning\PythonSupport\pycharm\PyCharm 2021.1.1\bin;;D:\tools\cpolar\;D:\learning\Other\vscode\Microsoft VS Code\bin
USERNAME=Master
OS=Windows_NT
PROCESSOR_IDENTIFIER=Intel64 Family 6 Model 142 Stepping 11, GenuineIntel
TMP=C:\Users\Master\AppData\Local\Temp
TEMP=C:\Users\Master\AppData\Local\Temp




Periodic native trim disabled

JNI global refs:
JNI global refs: 0, weak refs: 0

JNI global refs memory usage: 0, weak refs: 0

Process memory usage:
Resident Set Size: 10860K (0% of 8230708K total physical memory with 285016K free physical memory)

OOME stack traces (most recent first):
Classloader memory used:

---------------  S Y S T E M  ---------------

OS:
 Windows 10 , 64 bit Build 19041 (10.0.19041.5438)
OS uptime: 0 days 4:49 hours

CPU: total 8 (initial active 8) (4 cores per cpu, 2 threads per core) family 6 model 142 stepping 11 microcode 0xde, cx8, cmov, fxsr, ht, mmx, 3dnowpref, sse, sse2, sse3, ssse3, sse4.1, sse4.2, popcnt, lzcnt, tsc, tscinvbit, avx, avx2, aes, erms, clmul, bmi1, bmi2, adx, fma, vzeroupper, clflush, clflushopt, rdtscp, f16c
Processor Information for all 8 processors :
  Max Mhz: 1992, Current Mhz: 1992, Mhz Limit: 1792

Memory: 4k page, system-wide physical 8037M (278M free)
TotalPageFile size 18277M (AvailPageFile size 78M)
current process WorkingSet (physical memory assigned to process): 10M, peak: 10M
current process commit charge ("private bytes"): 59M, peak: 185M

vm_info: OpenJDK 64-Bit Server VM (21.0.5+-13047016-b750.29) for windows-amd64 JRE (21.0.5+-13047016-b750.29), built on 2025-02-11T21:12:39Z by "builder" with MS VC++ 16.10 / 16.11 (VS2019)

END.
